<?xml version="1.0" encoding="UTF-8"?>
<testsuite xmlns:xsi="http://www.w3.org/2001/XMLSchema-instance" xsi:noNamespaceSchemaLocation="https://maven.apache.org/surefire/maven-surefire-plugin/xsd/surefire-test-report-3.0.xsd" version="3.0" name="org.mal_lang.webLang.test.TestWebLang" time="0.067" tests="3" errors="0" skipped="0" failures="0">
  <properties>
    <property name="java.specification.version" value="17"/>
    <property name="sun.jnu.encoding" value="UTF-8"/>
    <property name="java.class.path" value="/home/mille/kth/webLang/target/test-classes:/home/mille/kth/webLang/target/classes:/home/mille/.m2/repository/org/junit/jupiter/junit-jupiter/5.8.2/junit-jupiter-5.8.2.jar:/home/mille/.m2/repository/org/junit/jupiter/junit-jupiter-api/5.8.2/junit-jupiter-api-5.8.2.jar:/home/mille/.m2/repository/org/opentest4j/opentest4j/1.2.0/opentest4j-1.2.0.jar:/home/mille/.m2/repository/org/junit/platform/junit-platform-commons/1.8.2/junit-platform-commons-1.8.2.jar:/home/mille/.m2/repository/org/apiguardian/apiguardian-api/1.1.2/apiguardian-api-1.1.2.jar:/home/mille/.m2/repository/org/junit/jupiter/junit-jupiter-params/5.8.2/junit-jupiter-params-5.8.2.jar:/home/mille/.m2/repository/org/junit/jupiter/junit-jupiter-engine/5.8.2/junit-jupiter-engine-5.8.2.jar:/home/mille/.m2/repository/org/junit/platform/junit-platform-engine/1.8.2/junit-platform-engine-1.8.2.jar:"/>
    <property name="java.vm.vendor" value="Debian"/>
    <property name="sun.arch.data.model" value="64"/>
    <property name="java.vendor.url" value="https://tracker.debian.org/openjdk-17"/>
    <property name="os.name" value="Linux"/>
    <property name="java.vm.specification.version" value="17"/>
    <property name="sun.java.launcher" value="SUN_STANDARD"/>
    <property name="user.country" value="US"/>
    <property name="sun.boot.library.path" value="/usr/lib/jvm/java-17-openjdk-amd64/lib"/>
    <property name="sun.java.command" value="/home/mille/kth/webLang/target/surefire/surefirebooter10057299608682146216.jar /home/mille/kth/webLang/target/surefire 2023-06-19T02-20-27_820-jvmRun1 surefire10531060564787943919tmp surefire_0810595173779205719tmp"/>
    <property name="jdk.debug" value="release"/>
    <property name="surefire.test.class.path" value="/home/mille/kth/webLang/target/test-classes:/home/mille/kth/webLang/target/classes:/home/mille/.m2/repository/org/junit/jupiter/junit-jupiter/5.8.2/junit-jupiter-5.8.2.jar:/home/mille/.m2/repository/org/junit/jupiter/junit-jupiter-api/5.8.2/junit-jupiter-api-5.8.2.jar:/home/mille/.m2/repository/org/opentest4j/opentest4j/1.2.0/opentest4j-1.2.0.jar:/home/mille/.m2/repository/org/junit/platform/junit-platform-commons/1.8.2/junit-platform-commons-1.8.2.jar:/home/mille/.m2/repository/org/apiguardian/apiguardian-api/1.1.2/apiguardian-api-1.1.2.jar:/home/mille/.m2/repository/org/junit/jupiter/junit-jupiter-params/5.8.2/junit-jupiter-params-5.8.2.jar:/home/mille/.m2/repository/org/junit/jupiter/junit-jupiter-engine/5.8.2/junit-jupiter-engine-5.8.2.jar:/home/mille/.m2/repository/org/junit/platform/junit-platform-engine/1.8.2/junit-platform-engine-1.8.2.jar:"/>
    <property name="sun.cpu.endian" value="little"/>
    <property name="user.home" value="/home/mille"/>
    <property name="user.language" value="en"/>
    <property name="java.specification.vendor" value="Oracle Corporation"/>
    <property name="java.version.date" value="2022-07-19"/>
    <property name="java.home" value="/usr/lib/jvm/java-17-openjdk-amd64"/>
    <property name="file.separator" value="/"/>
    <property name="basedir" value="/home/mille/kth/webLang"/>
    <property name="java.vm.compressedOopsMode" value="32-bit"/>
    <property name="line.separator" value="&#10;"/>
    <property name="java.vm.specification.vendor" value="Oracle Corporation"/>
    <property name="java.specification.name" value="Java Platform API Specification"/>
    <property name="surefire.real.class.path" value="/home/mille/kth/webLang/target/surefire/surefirebooter10057299608682146216.jar"/>
    <property name="sun.management.compiler" value="HotSpot 64-Bit Tiered Compilers"/>
    <property name="java.runtime.version" value="17.0.4+8-Debian-1deb11u1"/>
    <property name="user.name" value="mille"/>
    <property name="path.separator" value=":"/>
    <property name="os.version" value="5.15.90.1-microsoft-standard-WSL2"/>
    <property name="java.runtime.name" value="OpenJDK Runtime Environment"/>
    <property name="file.encoding" value="UTF-8"/>
    <property name="java.vm.name" value="OpenJDK 64-Bit Server VM"/>
    <property name="localRepository" value="/home/mille/.m2/repository"/>
    <property name="java.vendor.url.bug" value="https://bugs.debian.org/openjdk-17"/>
    <property name="java.io.tmpdir" value="/tmp"/>
    <property name="java.version" value="17.0.4"/>
    <property name="user.dir" value="/home/mille/kth/webLang"/>
    <property name="os.arch" value="amd64"/>
    <property name="java.vm.specification.name" value="Java Virtual Machine Specification"/>
    <property name="native.encoding" value="UTF-8"/>
    <property name="java.library.path" value="/usr/java/packages/lib:/usr/lib/x86_64-linux-gnu/jni:/lib/x86_64-linux-gnu:/usr/lib/x86_64-linux-gnu:/usr/lib/jni:/lib:/usr/lib"/>
    <property name="java.vm.info" value="mixed mode, sharing"/>
    <property name="java.vendor" value="Debian"/>
    <property name="java.vm.version" value="17.0.4+8-Debian-1deb11u1"/>
    <property name="sun.io.unicode.encoding" value="UnicodeLittle"/>
    <property name="java.class.version" value="61.0"/>
  </properties>
  <testcase name="testAdminSection" classname="org.mal_lang.webLang.test.TestWebLang" time="0.041">
    <system-out><![CDATA[Try to access Admin Section
+ Angular.access was reached instantaneously as expected.
+ Angular.attemptBrokenAccessControlAttack was reached instantaneously as expected.
+ Angular.inspectScripts was reached instantaneously as expected.
+ Expressjs.accessServerScripts was reached instantaneously as expected.
+ Scripts.access was reached instantaneously from Expressjs.accessServerScripts as expected.
+ Angular.brokenAccessControlAttack was reached instantaneously from Angular.inspectScripts as expected.
+ Angular.attemptInjectionAttack was reached instantaneously as expected.
+ Expressjs.sendMaliciousRequest was reached instantaneously as expected.
+ Sequalize.getRequest was reached instantaneously from Expressjs.sendMaliciousRequest as expected.
+ SQLite.read was reached instantaneously as expected.
+ SQLiteDatabase.readUserInfo was reached instantaneously as expected.
+ adminCredentials.readCredentials was reached instantaneously as expected.
+ admin.compromise was reached instantaneously from adminCredentials.readCredentials as expected.
+ user.accountCompromised was reached instantaneously as expected.
+ Angular.brokenAccessControlAttack was reached instantaneously from user.accountCompromised as expected.
+ Angular.brokenAccessControlAttack was reached instantaneously from Angular.attemptInjectionAttack as expected.
+ Expressjs.access was reached instantaneously as expected.
+ adminSection.access was reached instantaneously from Expressjs.access as expected.
+ adminSection.access was reached instantaneously from Expressjs.accessServerScripts as expected.
]]></system-out>
  </testcase>
  <testcase name="testAdminSectionWithoutAdminAccount" classname="org.mal_lang.webLang.test.TestWebLang" time="0.004">
    <system-out><![CDATA[Try to access Admin Section without admin account
+ Angular.access was reached instantaneously as expected.
+ Angular.attemptBrokenAccessControlAttack was reached instantaneously as expected.
+ Angular.inspectScripts was reached instantaneously as expected.
+ Expressjs.accessServerScripts was reached instantaneously as expected.
+ Scripts.access was reached instantaneously from Expressjs.accessServerScripts as expected.
+ Angular.brokenAccessControlAttack was not reached, as expected.
+ Expressjs.access was not reached, as expected.
+ adminSection.access was not reached, as expected.
]]></system-out>
  </testcase>
  <testcase name="testAdminSectionWithoutPath" classname="org.mal_lang.webLang.test.TestWebLang" time="0.005">
    <system-out><![CDATA[Try to access Admin Section when scripts are unavailable
+ Angular.access was reached instantaneously as expected.
+ Angular.attemptBrokenAccessControlAttack was reached instantaneously as expected.
+ Angular.attemptInjectionAttack was reached instantaneously as expected.
+ Expressjs.sendMaliciousRequest was reached instantaneously as expected.
+ Sequalize.getRequest was reached instantaneously from Expressjs.sendMaliciousRequest as expected.
+ SQLite.read was reached instantaneously as expected.
+ SQLiteDatabase.readUserInfo was reached instantaneously as expected.
+ adminCredentials.readCredentials was reached instantaneously as expected.
+ admin.compromise was reached instantaneously from adminCredentials.readCredentials as expected.
+ user.accountCompromised was reached instantaneously as expected.
+ Angular.brokenAccessControlAttack was not reached, as expected.
+ Expressjs.access was not reached, as expected.
+ adminSection.access was not reached, as expected.
]]></system-out>
  </testcase>
</testsuite>