<?xml version="1.0" encoding="UTF-8"?>
<testsuite xmlns:xsi="http://www.w3.org/2001/XMLSchema-instance" xsi:noNamespaceSchemaLocation="https://maven.apache.org/surefire/maven-surefire-plugin/xsd/surefire-test-report-3.0.xsd" version="3.0" name="org.mal_lang.webLang.test.TestWebLang" time="0.045" tests="3" errors="0" skipped="0" failures="0">
  <properties>
    <property name="java.specification.version" value="20"/>
    <property name="sun.jnu.encoding" value="UTF-8"/>
    <property name="java.class.path" value="/Users/milleafrolen/kth/kexjob/myLang/target/test-classes:/Users/milleafrolen/kth/kexjob/myLang/target/classes:/Users/milleafrolen/.m2/repository/org/junit/jupiter/junit-jupiter/5.8.2/junit-jupiter-5.8.2.jar:/Users/milleafrolen/.m2/repository/org/junit/jupiter/junit-jupiter-api/5.8.2/junit-jupiter-api-5.8.2.jar:/Users/milleafrolen/.m2/repository/org/opentest4j/opentest4j/1.2.0/opentest4j-1.2.0.jar:/Users/milleafrolen/.m2/repository/org/junit/platform/junit-platform-commons/1.8.2/junit-platform-commons-1.8.2.jar:/Users/milleafrolen/.m2/repository/org/apiguardian/apiguardian-api/1.1.2/apiguardian-api-1.1.2.jar:/Users/milleafrolen/.m2/repository/org/junit/jupiter/junit-jupiter-params/5.8.2/junit-jupiter-params-5.8.2.jar:/Users/milleafrolen/.m2/repository/org/junit/jupiter/junit-jupiter-engine/5.8.2/junit-jupiter-engine-5.8.2.jar:/Users/milleafrolen/.m2/repository/org/junit/platform/junit-platform-engine/1.8.2/junit-platform-engine-1.8.2.jar:"/>
    <property name="java.vm.vendor" value="Homebrew"/>
    <property name="sun.arch.data.model" value="64"/>
    <property name="java.vendor.url" value="https://github.com/Homebrew/homebrew-core/issues"/>
    <property name="os.name" value="Mac OS X"/>
    <property name="java.vm.specification.version" value="20"/>
    <property name="sun.java.launcher" value="SUN_STANDARD"/>
    <property name="user.country" value="SE"/>
    <property name="sun.boot.library.path" value="/opt/homebrew/Cellar/openjdk/20.0.1/libexec/openjdk.jdk/Contents/Home/lib"/>
    <property name="sun.java.command" value="/Users/milleafrolen/kth/kexjob/myLang/target/surefire/surefirebooter910242271437256929.jar /Users/milleafrolen/kth/kexjob/myLang/target/surefire 2023-06-18T22-56-05_050-jvmRun1 surefire8532091294406764038tmp surefire_012446717298585602265tmp"/>
    <property name="http.nonProxyHosts" value="local|*.local|169.254/16|*.169.254/16"/>
    <property name="jdk.debug" value="release"/>
    <property name="surefire.test.class.path" value="/Users/milleafrolen/kth/kexjob/myLang/target/test-classes:/Users/milleafrolen/kth/kexjob/myLang/target/classes:/Users/milleafrolen/.m2/repository/org/junit/jupiter/junit-jupiter/5.8.2/junit-jupiter-5.8.2.jar:/Users/milleafrolen/.m2/repository/org/junit/jupiter/junit-jupiter-api/5.8.2/junit-jupiter-api-5.8.2.jar:/Users/milleafrolen/.m2/repository/org/opentest4j/opentest4j/1.2.0/opentest4j-1.2.0.jar:/Users/milleafrolen/.m2/repository/org/junit/platform/junit-platform-commons/1.8.2/junit-platform-commons-1.8.2.jar:/Users/milleafrolen/.m2/repository/org/apiguardian/apiguardian-api/1.1.2/apiguardian-api-1.1.2.jar:/Users/milleafrolen/.m2/repository/org/junit/jupiter/junit-jupiter-params/5.8.2/junit-jupiter-params-5.8.2.jar:/Users/milleafrolen/.m2/repository/org/junit/jupiter/junit-jupiter-engine/5.8.2/junit-jupiter-engine-5.8.2.jar:/Users/milleafrolen/.m2/repository/org/junit/platform/junit-platform-engine/1.8.2/junit-platform-engine-1.8.2.jar:"/>
    <property name="sun.cpu.endian" value="little"/>
    <property name="user.home" value="/Users/milleafrolen"/>
    <property name="user.language" value="en"/>
    <property name="java.specification.vendor" value="Oracle Corporation"/>
    <property name="java.version.date" value="2023-04-18"/>
    <property name="java.home" value="/opt/homebrew/Cellar/openjdk/20.0.1/libexec/openjdk.jdk/Contents/Home"/>
    <property name="file.separator" value="/"/>
    <property name="basedir" value="/Users/milleafrolen/kth/kexjob/myLang"/>
    <property name="java.vm.compressedOopsMode" value="Zero based"/>
    <property name="line.separator" value="&#10;"/>
    <property name="java.vm.specification.vendor" value="Oracle Corporation"/>
    <property name="java.specification.name" value="Java Platform API Specification"/>
    <property name="apple.awt.application.name" value="ForkedBooter"/>
    <property name="surefire.real.class.path" value="/Users/milleafrolen/kth/kexjob/myLang/target/surefire/surefirebooter910242271437256929.jar"/>
    <property name="sun.management.compiler" value="HotSpot 64-Bit Tiered Compilers"/>
    <property name="ftp.nonProxyHosts" value="local|*.local|169.254/16|*.169.254/16"/>
    <property name="java.runtime.version" value="20.0.1"/>
    <property name="user.name" value="milleafrolen"/>
    <property name="stdout.encoding" value="UTF-8"/>
    <property name="path.separator" value=":"/>
    <property name="os.version" value="13.2.1"/>
    <property name="java.runtime.name" value="OpenJDK Runtime Environment"/>
    <property name="file.encoding" value="UTF-8"/>
    <property name="java.vm.name" value="OpenJDK 64-Bit Server VM"/>
    <property name="java.vendor.version" value="Homebrew"/>
    <property name="localRepository" value="/Users/milleafrolen/.m2/repository"/>
    <property name="java.vendor.url.bug" value="https://github.com/Homebrew/homebrew-core/issues"/>
    <property name="java.io.tmpdir" value="/var/folders/ml/jbx4hqxj3zv8h14ln7y7wtm00000gn/T/"/>
    <property name="java.version" value="20.0.1"/>
    <property name="user.dir" value="/Users/milleafrolen/kth/kexjob/myLang"/>
    <property name="os.arch" value="aarch64"/>
    <property name="java.vm.specification.name" value="Java Virtual Machine Specification"/>
    <property name="native.encoding" value="UTF-8"/>
    <property name="java.library.path" value="/Users/milleafrolen/Library/Java/Extensions:/Library/Java/Extensions:/Network/Library/Java/Extensions:/System/Library/Java/Extensions:/usr/lib/java:."/>
    <property name="java.vm.info" value="mixed mode, sharing"/>
    <property name="stderr.encoding" value="UTF-8"/>
    <property name="java.vendor" value="Homebrew"/>
    <property name="java.vm.version" value="20.0.1"/>
    <property name="sun.io.unicode.encoding" value="UnicodeBig"/>
    <property name="socksNonProxyHosts" value="local|*.local|169.254/16|*.169.254/16"/>
    <property name="java.class.version" value="64.0"/>
  </properties>
  <testcase name="testAdminSection" classname="org.mal_lang.webLang.test.TestWebLang" time="0.03">
    <system-out><![CDATA[Try to access Admin Section
+ Angular.access was reached instantaneously as expected.
+ Angular.attemptBrokenAccessControlAttack was reached instantaneously as expected.
+ Angular.inspectScripts was reached instantaneously as expected.
+ Expressjs.accessServerScripts was reached instantaneously as expected.
+ Scripts.access was reached instantaneously from Expressjs.accessServerScripts as expected.
+ Angular.brokenAccessControlAttack was reached instantaneously from Angular.inspectScripts as expected.
+ Angular.attemptInjectionAttack was reached instantaneously as expected.
+ Expressjs.sendMaliciousRequest was reached instantaneously as expected.
+ Sequalize.getRequest was reached instantaneously from Expressjs.sendMaliciousRequest as expected.
+ SQLite.read was reached instantaneously as expected.
+ SQLiteDatabase.readUserInfo was reached instantaneously as expected.
+ adminCredentials.readCredentials was reached instantaneously as expected.
+ admin.compromise was reached instantaneously from adminCredentials.readCredentials as expected.
+ user.accountCompromised was reached instantaneously as expected.
+ Angular.brokenAccessControlAttack was reached instantaneously from user.accountCompromised as expected.
+ Angular.brokenAccessControlAttack was reached instantaneously from Angular.attemptInjectionAttack as expected.
+ Expressjs.access was reached instantaneously as expected.
+ adminSection.access was reached instantaneously from Expressjs.access as expected.
+ adminSection.access was reached instantaneously from Expressjs.accessServerScripts as expected.
]]></system-out>
  </testcase>
  <testcase name="testAdminSectionWithoutAdminAccount" classname="org.mal_lang.webLang.test.TestWebLang" time="0.004">
    <system-out><![CDATA[Try to access Admin Section without admin account
+ Angular.access was reached instantaneously as expected.
+ Angular.attemptBrokenAccessControlAttack was reached instantaneously as expected.
+ Angular.inspectScripts was reached instantaneously as expected.
+ Expressjs.accessServerScripts was reached instantaneously as expected.
+ Scripts.access was reached instantaneously from Expressjs.accessServerScripts as expected.
+ Angular.brokenAccessControlAttack was not reached, as expected.
+ Expressjs.access was not reached, as expected.
+ adminSection.access was not reached, as expected.
]]></system-out>
  </testcase>
  <testcase name="testAdminSectionWithoutPath" classname="org.mal_lang.webLang.test.TestWebLang" time="0.002">
    <system-out><![CDATA[Try to access Admin Section when scripts are unavailable
+ Angular.access was reached instantaneously as expected.
+ Angular.attemptBrokenAccessControlAttack was reached instantaneously as expected.
+ Angular.attemptInjectionAttack was reached instantaneously as expected.
+ Expressjs.sendMaliciousRequest was reached instantaneously as expected.
+ Sequalize.getRequest was reached instantaneously from Expressjs.sendMaliciousRequest as expected.
+ SQLite.read was reached instantaneously as expected.
+ SQLiteDatabase.readUserInfo was reached instantaneously as expected.
+ adminCredentials.readCredentials was reached instantaneously as expected.
+ admin.compromise was reached instantaneously from adminCredentials.readCredentials as expected.
+ user.accountCompromised was reached instantaneously as expected.
+ Angular.brokenAccessControlAttack was not reached, as expected.
+ Expressjs.access was not reached, as expected.
+ adminSection.access was not reached, as expected.
]]></system-out>
  </testcase>
</testsuite>